<?xml version="1.0" encoding="UTF-8"?>
<!-- Generated by org.testng.reporters.JUnitReportReporter -->
<testsuite hostname="Luiss-MacBook.local" name="com.mycompany.app.AppTest" tests="2" failures="0" timestamp="19 Jan 2020 20:30:10 GMT" time="0.771" errors="0">
  <testcase name="verifyHomePageTitle" time="0.076" classname="com.mycompany.app.AppTest"/>
  <testcase name="verifyGetInTouchMain" time="0.695" classname="com.mycompany.app.AppTest"/>
</testsuite> <!-- com.mycompany.app.AppTest -->
